<?xml version="1.0" encoding="UTF-8"?>
<!-- Generated by org.testng.reporters.JUnitReportReporter -->
<testsuite skipped="0" hostname="DESKTOP-TH6DJP5" name="testNg_Package.SampleTest9_Login_DataProvider3" tests="1" failures="0" timestamp="2022-01-28T12:00:05 IST" time="19.738" errors="0">
  <testcase name="login_Tc" time="19.738" classname="testNg_Package.SampleTest9_Login_DataProvider3"/>
  <system-out/>
</testsuite> <!-- testNg_Package.SampleTest9_Login_DataProvider3 -->
