<?xml version="1.0" encoding="UTF-8"?>
<!-- Generated by org.testng.reporters.JUnitReportReporter -->
<testsuite skipped="0" hostname="DESKTOP-TH6DJP5" name="testNg_Package.SampleTest5_Dependency" tests="4" failures="0" timestamp="2022-01-27T16:03:09 IST" time="0.012" errors="0">
  <testcase name="Register" time="0.008" classname="testNg_Package.SampleTest5_Dependency"/>
  <system-out/>
  <testcase name="LoginTest" time="0.001" classname="testNg_Package.SampleTest5_Dependency"/>
  <system-out/>
  <testcase name="searchTest" time="0.001" classname="testNg_Package.SampleTest5_Dependency"/>
  <system-out/>
  <testcase name="searchProduct" time="0.002" classname="testNg_Package.SampleTest5_Dependency"/>
  <system-out/>
</testsuite> <!-- testNg_Package.SampleTest5_Dependency -->
