<?xml version="1.0" encoding="UTF-8"?>
<!-- Generated by org.testng.reporters.JUnitReportReporter -->
<testsuite skipped="0" hostname="DESKTOP-TH6DJP5" name="testNg_Package.SampleTest4_Include_exclude" tests="2" failures="0" timestamp="2022-01-28T16:03:20 IST" time="0.008" errors="0">
  <testcase name="LoginTest" time="0.001" classname="testNg_Package.SampleTest4_Include_exclude"/>
  <system-out/>
  <testcase name="Register" time="0.007" classname="testNg_Package.SampleTest4_Include_exclude"/>
  <system-out/>
</testsuite> <!-- testNg_Package.SampleTest4_Include_exclude -->
