<?xml version="1.0" encoding="UTF-8"?>
<!-- Generated by org.testng.reporters.JUnitReportReporter -->
<testsuite skipped="0" hostname="DESKTOP-TH6DJP5" name="testNg_Package.SampleTest7_DataProvider1" tests="1" failures="0" timestamp="2022-01-28T10:37:07 IST" time="0.006" errors="0">
  <testcase name="Demo" time="0.006" classname="testNg_Package.SampleTest7_DataProvider1"/>
  <system-out/>
</testsuite> <!-- testNg_Package.SampleTest7_DataProvider1 -->
