<?xml version="1.0" encoding="UTF-8"?>
<!-- Generated by org.testng.reporters.JUnitReportReporter -->
<testsuite skipped="0" hostname="DESKTOP-TH6DJP5" name="testNg_Package.SampleTest2_DemoShop" tests="1" failures="0" timestamp="2022-01-27T12:06:14 IST" time="11.215" errors="0">
  <testcase name="LaunchTest" time="11.215" classname="testNg_Package.SampleTest2_DemoShop"/>
  <system-out/>
</testsuite> <!-- testNg_Package.SampleTest2_DemoShop -->
