<?xml version="1.0" encoding="UTF-8"?>
<!-- Generated by org.testng.reporters.JUnitReportReporter -->
<testsuite skipped="0" hostname="DESKTOP-TH6DJP5" name="testNg_Package.SampleTest8_Demo_Dataprovider2" tests="3" failures="0" timestamp="2022-01-28T11:11:59 IST" time="33.230" errors="0">
  <testcase name="Demo" time="13.759" classname="testNg_Package.SampleTest8_Demo_Dataprovider2"/>
  <system-out/>
  <testcase name="Demo" time="10.815" classname="testNg_Package.SampleTest8_Demo_Dataprovider2"/>
  <system-out/>
  <testcase name="Demo" time="8.656" classname="testNg_Package.SampleTest8_Demo_Dataprovider2"/>
  <system-out/>
</testsuite> <!-- testNg_Package.SampleTest8_Demo_Dataprovider2 -->
