<?xml version="1.0" encoding="UTF-8"?>
<!-- Generated by org.testng.reporters.JUnitReportReporter -->
<testsuite skipped="0" hostname="DESKTOP-TH6DJP5" name="test_cases.Test6_RemoveCart_Tc" tests="1" failures="0" timestamp="2022-01-28T16:05:39 IST" time="11.696" errors="0">
  <testcase name="removeCard" time="11.696" classname="test_cases.Test6_RemoveCart_Tc"/>
  <system-out/>
</testsuite> <!-- test_cases.Test6_RemoveCart_Tc -->
