<?xml version="1.0" encoding="UTF-8"?>
<!-- Generated by org.testng.reporters.JUnitReportReporter -->
<testsuite skipped="0" hostname="DESKTOP-TH6DJP5" name="test_cases.Test7_AddWhishlist_Tc" tests="2" failures="0" timestamp="2022-01-28T16:05:39 IST" time="33.081" errors="0">
  <testcase name="addCardexclude" time="16.287" classname="test_cases.Test7_AddWhishlist_Tc"/>
  <system-out/>
  <testcase name="addCard" time="16.794" classname="test_cases.Test7_AddWhishlist_Tc"/>
  <system-out/>
</testsuite> <!-- test_cases.Test7_AddWhishlist_Tc -->
