<?xml version="1.0" encoding="UTF-8"?>
<!-- Generated by org.testng.reporters.JUnitReportReporter -->
<testsuite skipped="0" hostname="DESKTOP-TH6DJP5" name="test_configuration.Test1_PropertyFile" tests="1" failures="0" timestamp="2022-01-28T14:25:29 IST" time="0.008" errors="0">
  <testcase name="Demo" time="0.008" classname="test_configuration.Test1_PropertyFile"/>
  <system-out/>
</testsuite> <!-- test_configuration.Test1_PropertyFile -->
