<?xml version="1.0" encoding="UTF-8"?>
<!-- Generated by org.testng.reporters.JUnitReportReporter -->
<testsuite skipped="0" hostname="DESKTOP-TH6DJP5" name="testNg_Package.SampleTest1_Testng" tests="3" failures="0" timestamp="2022-01-27T12:05:37 IST" time="0.011" errors="0">
  <testcase name="Aemo" time="0.009" classname="testNg_Package.SampleTest1_Testng"/>
  <system-out/>
  <testcase name="Demo" time="0.002" classname="testNg_Package.SampleTest1_Testng"/>
  <system-out/>
  <testcase name="Zemo" time="0.000" classname="testNg_Package.SampleTest1_Testng"/>
  <system-out/>
</testsuite> <!-- testNg_Package.SampleTest1_Testng -->
