<?xml version="1.0" encoding="UTF-8"?>
<!-- Generated by org.testng.reporters.JUnitReportReporter -->
<testsuite skipped="0" hostname="DESKTOP-TH6DJP5" name="test_cases.Test3_Search_Tc" tests="1" failures="0" timestamp="2022-01-28T16:05:39 IST" time="5.931" errors="0">
  <testcase name="Tc01" time="5.931" classname="test_cases.Test3_Search_Tc"/>
  <system-out/>
</testsuite> <!-- test_cases.Test3_Search_Tc -->
