<?xml version="1.0" encoding="UTF-8"?>
<!-- Generated by org.testng.reporters.JUnitReportReporter -->
<testsuite skipped="0" hostname="DESKTOP-TH6DJP5" name="testNg_Package.SampleTest3_ConfigureMethods" tests="1" failures="0" timestamp="2022-01-27T12:06:51 IST" time="0.005" errors="0">
  <testcase name="Test1" time="0.005" classname="testNg_Package.SampleTest3_ConfigureMethods"/>
  <system-out/>
</testsuite> <!-- testNg_Package.SampleTest3_ConfigureMethods -->
