<?xml version="1.0" encoding="UTF-8"?>
<!-- Generated by org.testng.reporters.JUnitReportReporter -->
<testsuite skipped="0" hostname="DESKTOP-TH6DJP5" name="testNg_Package.SampleTest6_Groups" tests="2" failures="0" timestamp="2022-01-28T16:03:20 IST" time="0.001" errors="0">
  <testcase name="addWishlist" time="0.000" classname="testNg_Package.SampleTest6_Groups"/>
  <system-out/>
  <testcase name="addCart" time="0.001" classname="testNg_Package.SampleTest6_Groups"/>
  <system-out/>
</testsuite> <!-- testNg_Package.SampleTest6_Groups -->
